# JRE version: Java(TM) SE Runtime Environment (8.0_73-b02) (build 1.8.0_73-b02)
# Java VM: Java HotSpot(TM) 64-Bit Server VM (25.73-b02 mixed mode bsd-amd64 compressed oops)
Heap:
 PSYoungGen      total 33792K, used 26894K [0x0000000795580000, 0x0000000798000000, 0x00000007c0000000)
  eden space 24064K, 74% used [0x0000000795580000,0x0000000796703920,0x0000000796d00000)
  from space 9728K, 92% used [0x0000000796d00000,0x00000007975bff40,0x0000000797680000)
  to   space 9728K, 0% used [0x0000000797680000,0x0000000797680000,0x0000000798000000)
 ParOldGen       total 181760K, used 176635K [0x0000000740000000, 0x000000074b180000, 0x0000000795580000)
  object space 181760K, 97% used [0x0000000740000000,0x000000074ac7ec60,0x000000074b180000)
 Metaspace       used 17073K, capacity 17326K, committed 17792K, reserved 1064960K
  class space    used 2009K, capacity 2105K, committed 2176K, reserved 1048576K
GC Heap History (10 events):
Event: 485.345 GC heap before
{Heap before GC invocations=155 (full 2):
 PSYoungGen      total 33792K, used 33127K [0x0000000795580000, 0x0000000798000000, 0x00000007c0000000)
  eden space 24064K, 100% used [0x0000000795580000,0x0000000796d00000,0x0000000796d00000)
  from space 9728K, 93% used [0x0000000797680000,0x0000000797f59e20,0x0000000798000000)
  to   space 9728K, 0% used [0x0000000796d00000,0x0000000796d00000,0x0000000797680000)
 ParOldGen       total 181760K, used 176450K [0x0000000740000000, 0x000000074b180000, 0x0000000795580000)
  object space 181760K, 97% used [0x0000000740000000,0x000000074ac50900,0x000000074b180000)
 Metaspace       used 17073K, capacity 17326K, committed 17792K, reserved 1064960K
  class space    used 2009K, capacity 2105K, committed 2176K, reserved 1048576K
Event: 485.354 GC heap after
Heap after GC invocations=155 (full 2):
 PSYoungGen      total 33792K, used 9031K [0x0000000795580000, 0x0000000798000000, 0x00000007c0000000)
  eden space 24064K, 0% used [0x0000000795580000,0x0000000795580000,0x0000000796d00000)
  from space 9728K, 92% used [0x0000000796d00000,0x00000007975d1e20,0x0000000797680000)
  to   space 9728K, 0% used [0x0000000797680000,0x0000000797680000,0x0000000798000000)
 ParOldGen       total 181760K, used 176466K [0x0000000740000000, 0x000000074b180000, 0x0000000795580000)
  object space 181760K, 97% used [0x0000000740000000,0x000000074ac54900,0x000000074b180000)
 Metaspace       used 17073K, capacity 17326K, committed 17792K, reserved 1064960K
  class space    used 2009K, capacity 2105K, committed 2176K, reserved 1048576K
}
Event: 487.349 GC heap before
{Heap before GC invocations=156 (full 2):
 PSYoungGen      total 33792K, used 33095K [0x0000000795580000, 0x0000000798000000, 0x00000007c0000000)
  eden space 24064K, 100% used [0x0000000795580000,0x0000000796d00000,0x0000000796d00000)
  from space 9728K, 92% used [0x0000000796d00000,0x00000007975d1e20,0x0000000797680000)
  to   space 9728K, 0% used [0x0000000797680000,0x0000000797680000,0x0000000798000000)
 ParOldGen       total 181760K, used 176466K [0x0000000740000000, 0x000000074b180000, 0x0000000795580000)
  object space 181760K, 97% used [0x0000000740000000,0x000000074ac54900,0x000000074b180000)
 Metaspace       used 17073K, capacity 17326K, committed 17792K, reserved 1064960K
  class space    used 2009K, capacity 2105K, committed 2176K, reserved 1048576K
Event: 487.356 GC heap after
Heap after GC invocations=156 (full 2):
 PSYoungGen      total 33792K, used 9077K [0x0000000795580000, 0x0000000798000000, 0x00000007c0000000)
  eden space 24064K, 0% used [0x0000000795580000,0x0000000795580000,0x0000000796d00000)
  from space 9728K, 93% used [0x0000000797680000,0x0000000797f5d4b0,0x0000000798000000)
  to   space 9728K, 0% used [0x0000000796d00000,0x0000000796d00000,0x0000000797680000)
 ParOldGen       total 181760K, used 176482K [0x0000000740000000, 0x000000074b180000, 0x0000000795580000)
  object space 181760K, 97% used [0x0000000740000000,0x000000074ac58900,0x000000074b180000)
 Metaspace       used 17073K, capacity 17326K, committed 17792K, reserved 1064960K
  class space    used 2009K, capacity 2105K, committed 2176K, reserved 1048576K
}
Event: 489.358 GC heap before
{Heap before GC invocations=157 (full 2):
 PSYoungGen      total 33792K, used 33141K [0x0000000795580000, 0x0000000798000000, 0x00000007c0000000)
  eden space 24064K, 100% used [0x0000000795580000,0x0000000796d00000,0x0000000796d00000)
  from space 9728K, 93% used [0x0000000797680000,0x0000000797f5d4b0,0x0000000798000000)
  to   space 9728K, 0% used [0x0000000796d00000,0x0000000796d00000,0x0000000797680000)
 ParOldGen       total 181760K, used 176482K [0x0000000740000000, 0x000000074b180000, 0x0000000795580000)
  object space 181760K, 97% used [0x0000000740000000,0x000000074ac58900,0x000000074b180000)
 Metaspace       used 17073K, capacity 17326K, committed 17792K, reserved 1064960K
  class space    used 2009K, capacity 2105K, committed 2176K, reserved 1048576K
Event: 489.364 GC heap after
Heap after GC invocations=157 (full 2):
 PSYoungGen      total 33792K, used 9017K [0x0000000795580000, 0x0000000798000000, 0x00000007c0000000)
  eden space 24064K, 0% used [0x0000000795580000,0x0000000795580000,0x0000000796d00000)
  from space 9728K, 92% used [0x0000000796d00000,0x00000007975ce790,0x0000000797680000)
  to   space 9728K, 0% used [0x0000000797680000,0x0000000797680000,0x0000000798000000)
 ParOldGen       total 181760K, used 176498K [0x0000000740000000, 0x000000074b180000, 0x0000000795580000)
  object space 181760K, 97% used [0x0000000740000000,0x000000074ac5c900,0x000000074b180000)
 Metaspace       used 17073K, capacity 17326K, committed 17792K, reserved 1064960K
  class space    used 2009K, capacity 2105K, committed 2176K, reserved 1048576K
}
Event: 492.031 GC heap before
{Heap before GC invocations=158 (full 2):
 PSYoungGen      total 33792K, used 33081K [0x0000000795580000, 0x0000000798000000, 0x00000007c0000000)
  eden space 24064K, 100% used [0x0000000795580000,0x0000000796d00000,0x0000000796d00000)
  from space 9728K, 92% used [0x0000000796d00000,0x00000007975ce790,0x0000000797680000)
  to   space 9728K, 0% used [0x0000000797680000,0x0000000797680000,0x0000000798000000)
 ParOldGen       total 181760K, used 176498K [0x0000000740000000, 0x000000074b180000, 0x0000000795580000)
  object space 181760K, 97% used [0x0000000740000000,0x000000074ac5c900,0x000000074b180000)
 Metaspace       used 17073K, capacity 17326K, committed 17792K, reserved 1064960K
  class space    used 2009K, capacity 2105K, committed 2176K, reserved 1048576K
Event: 492.039 GC heap after
Heap after GC invocations=158 (full 2):
 PSYoungGen      total 33792K, used 9141K [0x0000000795580000, 0x0000000798000000, 0x00000007c0000000)
  eden space 24064K, 0% used [0x0000000795580000,0x0000000795580000,0x0000000796d00000)
  from space 9728K, 93% used [0x0000000797680000,0x0000000797f6d7f8,0x0000000798000000)
  to   space 9728K, 0% used [0x0000000796d00000,0x0000000796d00000,0x0000000797680000)
 ParOldGen       total 181760K, used 176522K [0x0000000740000000, 0x000000074b180000, 0x0000000795580000)
  object space 181760K, 97% used [0x0000000740000000,0x000000074ac62900,0x000000074b180000)
 Metaspace       used 17073K, capacity 17326K, committed 17792K, reserved 1064960K
  class space    used 2009K, capacity 2105K, committed 2176K, reserved 1048576K
}
Event: 494.414 GC heap before
{Heap before GC invocations=159 (full 2):
 PSYoungGen      total 33792K, used 33205K [0x0000000795580000, 0x0000000798000000, 0x00000007c0000000)
  eden space 24064K, 100% used [0x0000000795580000,0x0000000796d00000,0x0000000796d00000)
  from space 9728K, 93% used [0x0000000797680000,0x0000000797f6d7f8,0x0000000798000000)
  to   space 9728K, 0% used [0x0000000796d00000,0x0000000796d00000,0x0000000797680000)
 ParOldGen       total 181760K, used 176522K [0x0000000740000000, 0x000000074b180000, 0x0000000795580000)
  object space 181760K, 97% used [0x0000000740000000,0x000000074ac62918,0x000000074b180000)
 Metaspace       used 17073K, capacity 17326K, committed 17792K, reserved 1064960K
  class space    used 2009K, capacity 2105K, committed 2176K, reserved 1048576K
Event: 494.422 GC heap after
Heap after GC invocations=159 (full 2):
 PSYoungGen      total 33792K, used 8959K [0x0000000795580000, 0x0000000798000000, 0x00000007c0000000)
  eden space 24064K, 0% used [0x0000000795580000,0x0000000795580000,0x0000000796d00000)
  from space 9728K, 92% used [0x0000000796d00000,0x00000007975bff40,0x0000000797680000)
  to   space 9728K, 0% used [0x0000000797680000,0x0000000797680000,0x0000000798000000)
 ParOldGen       total 181760K, used 176635K [0x0000000740000000, 0x000000074b180000, 0x0000000795580000)
  object space 181760K, 97% used [0x0000000740000000,0x000000074ac7ec60,0x000000074b180000)
 Metaspace       used 17073K, capacity 17326K, committed 17792K, reserved 1064960K
  class space    used 2009K, capacity 2105K, committed 2176K, reserved 1048576K
}

