# JRE version: Java(TM) SE Runtime Environment (8.0_73-b02) (build 1.8.0_73-b02)
# Java VM: Java HotSpot(TM) 64-Bit Server VM (25.73-b02 mixed mode bsd-amd64 compressed oops)
Heap:
 PSYoungGen      total 55296K, used 18838K [0x0000000795580000, 0x000000079ad00000, 0x00000007c0000000)
  eden space 24064K, 41% used [0x0000000795580000,0x0000000795f2de80,0x0000000796d00000)
  from space 31232K, 28% used [0x0000000798e80000,0x0000000799737a70,0x000000079ad00000)
  to   space 32768K, 0% used [0x0000000796d00000,0x0000000796d00000,0x0000000798d00000)
 ParOldGen       total 131072K, used 73742K [0x0000000740000000, 0x0000000748000000, 0x0000000795580000)
  object space 131072K, 56% used [0x0000000740000000,0x0000000744803bf0,0x0000000748000000)
 Metaspace       used 16012K, capacity 16270K, committed 16512K, reserved 1062912K
  class space    used 1967K, capacity 2073K, committed 2176K, reserved 1048576K
GC Heap History (10 events):
Event: 42.085 GC heap before
{Heap before GC invocations=14 (full 2):
 PSYoungGen      total 39424K, used 38985K [0x0000000795580000, 0x000000079b780000, 0x00000007c0000000)
  eden space 26624K, 100% used [0x0000000795580000,0x0000000796f80000,0x0000000796f80000)
  from space 12800K, 96% used [0x0000000797000000,0x0000000797c12730,0x0000000797c80000)
  to   space 36864K, 0% used [0x0000000799380000,0x0000000799380000,0x000000079b780000)
 ParOldGen       total 131072K, used 66174K [0x0000000740000000, 0x0000000748000000, 0x0000000795580000)
  object space 131072K, 50% used [0x0000000740000000,0x000000074409fb98,0x0000000748000000)
 Metaspace       used 15968K, capacity 16200K, committed 16512K, reserved 1062912K
  class space    used 1966K, capacity 2072K, committed 2176K, reserved 1048576K
Event: 42.094 GC heap after
Heap after GC invocations=14 (full 2):
 PSYoungGen      total 60416K, used 9155K [0x0000000795580000, 0x000000079b500000, 0x00000007c0000000)
  eden space 26112K, 0% used [0x0000000795580000,0x0000000795580000,0x0000000796f00000)
  from space 34304K, 26% used [0x0000000799380000,0x0000000799c70e80,0x000000079b500000)
  to   space 35840K, 0% used [0x0000000796f00000,0x0000000796f00000,0x0000000799200000)
 ParOldGen       total 131072K, used 69844K [0x0000000740000000, 0x0000000748000000, 0x0000000795580000)
  object space 131072K, 53% used [0x0000000740000000,0x0000000744435240,0x0000000748000000)
 Metaspace       used 15968K, capacity 16200K, committed 16512K, reserved 1062912K
  class space    used 1966K, capacity 2072K, committed 2176K, reserved 1048576K
}
Event: 45.485 GC heap before
{Heap before GC invocations=15 (full 2):
 PSYoungGen      total 60416K, used 35267K [0x0000000795580000, 0x000000079b500000, 0x00000007c0000000)
  eden space 26112K, 100% used [0x0000000795580000,0x0000000796f00000,0x0000000796f00000)
  from space 34304K, 26% used [0x0000000799380000,0x0000000799c70e80,0x000000079b500000)
  to   space 35840K, 0% used [0x0000000796f00000,0x0000000796f00000,0x0000000799200000)
 ParOldGen       total 131072K, used 69844K [0x0000000740000000, 0x0000000748000000, 0x0000000795580000)
  object space 131072K, 53% used [0x0000000740000000,0x0000000744435240,0x0000000748000000)
 Metaspace       used 15969K, capacity 16200K, committed 16512K, reserved 1062912K
  class space    used 1966K, capacity 2072K, committed 2176K, reserved 1048576K
Event: 45.492 GC heap after
Heap after GC invocations=15 (full 2):
 PSYoungGen      total 34816K, used 9051K [0x0000000795580000, 0x000000079b380000, 0x00000007c0000000)
  eden space 25600K, 0% used [0x0000000795580000,0x0000000795580000,0x0000000796e80000)
  from space 9216K, 98% used [0x0000000796f00000,0x00000007977d6c00,0x0000000797800000)
  to   space 35328K, 0% used [0x0000000799100000,0x0000000799100000,0x000000079b380000)
 ParOldGen       total 131072K, used 70186K [0x0000000740000000, 0x0000000748000000, 0x0000000795580000)
  object space 131072K, 53% used [0x0000000740000000,0x000000074448aac0,0x0000000748000000)
 Metaspace       used 15969K, capacity 16200K, committed 16512K, reserved 1062912K
  class space    used 1966K, capacity 2072K, committed 2176K, reserved 1048576K
}
Event: 48.828 GC heap before
{Heap before GC invocations=16 (full 2):
 PSYoungGen      total 34816K, used 33883K [0x0000000795580000, 0x000000079b380000, 0x00000007c0000000)
  eden space 25600K, 97% used [0x0000000795580000,0x0000000796dc0280,0x0000000796e80000)
  from space 9216K, 98% used [0x0000000796f00000,0x00000007977d6c00,0x0000000797800000)
  to   space 35328K, 0% used [0x0000000799100000,0x0000000799100000,0x000000079b380000)
 ParOldGen       total 131072K, used 70186K [0x0000000740000000, 0x0000000748000000, 0x0000000795580000)
  object space 131072K, 53% used [0x0000000740000000,0x000000074448aac0,0x0000000748000000)
 Metaspace       used 15980K, capacity 16270K, committed 16512K, reserved 1062912K
  class space    used 1967K, capacity 2073K, committed 2176K, reserved 1048576K
Event: 48.836 GC heap after
Heap after GC invocations=16 (full 2):
 PSYoungGen      total 57856K, used 18421K [0x0000000795580000, 0x000000079b100000, 0x00000007c0000000)
  eden space 25088K, 0% used [0x0000000795580000,0x0000000795580000,0x0000000796e00000)
  from space 32768K, 56% used [0x0000000799100000,0x000000079a2fd440,0x000000079b100000)
  to   space 34304K, 0% used [0x0000000796e00000,0x0000000796e00000,0x0000000798f80000)
 ParOldGen       total 131072K, used 70364K [0x0000000740000000, 0x0000000748000000, 0x0000000795580000)
  object space 131072K, 53% used [0x0000000740000000,0x00000007444b7150,0x0000000748000000)
 Metaspace       used 15980K, capacity 16270K, committed 16512K, reserved 1062912K
  class space    used 1967K, capacity 2073K, committed 2176K, reserved 1048576K
}
Event: 51.707 GC heap before
{Heap before GC invocations=17 (full 2):
 PSYoungGen      total 57856K, used 43509K [0x0000000795580000, 0x000000079b100000, 0x00000007c0000000)
  eden space 25088K, 100% used [0x0000000795580000,0x0000000796e00000,0x0000000796e00000)
  from space 32768K, 56% used [0x0000000799100000,0x000000079a2fd440,0x000000079b100000)
  to   space 34304K, 0% used [0x0000000796e00000,0x0000000796e00000,0x0000000798f80000)
 ParOldGen       total 131072K, used 70364K [0x0000000740000000, 0x0000000748000000, 0x0000000795580000)
  object space 131072K, 53% used [0x0000000740000000,0x00000007444b7218,0x0000000748000000)
 Metaspace       used 15991K, capacity 16270K, committed 16512K, reserved 1062912K
  class space    used 1967K, capacity 2073K, committed 2176K, reserved 1048576K
Event: 51.714 GC heap after
Heap after GC invocations=17 (full 2):
 PSYoungGen      total 33792K, used 9029K [0x0000000795580000, 0x000000079af80000, 0x00000007c0000000)
  eden space 24576K, 0% used [0x0000000795580000,0x0000000795580000,0x0000000796d80000)
  from space 9216K, 97% used [0x0000000796e00000,0x00000007976d1600,0x0000000797700000)
  to   space 33792K, 0% used [0x0000000798e80000,0x0000000798e80000,0x000000079af80000)
 ParOldGen       total 131072K, used 73610K [0x0000000740000000, 0x0000000748000000, 0x0000000795580000)
  object space 131072K, 56% used [0x0000000740000000,0x00000007447e2870,0x0000000748000000)
 Metaspace       used 15991K, capacity 16270K, committed 16512K, reserved 1062912K
  class space    used 1967K, capacity 2073K, committed 2176K, reserved 1048576K
}
Event: 56.318 GC heap before
{Heap before GC invocations=18 (full 2):
 PSYoungGen      total 33792K, used 33605K [0x0000000795580000, 0x000000079af80000, 0x00000007c0000000)
  eden space 24576K, 100% used [0x0000000795580000,0x0000000796d80000,0x0000000796d80000)
  from space 9216K, 97% used [0x0000000796e00000,0x00000007976d1600,0x0000000797700000)
  to   space 33792K, 0% used [0x0000000798e80000,0x0000000798e80000,0x000000079af80000)
 ParOldGen       total 131072K, used 73669K [0x0000000740000000, 0x0000000748000000, 0x0000000795580000)
  object space 131072K, 56% used [0x0000000740000000,0x00000007447f1520,0x0000000748000000)
 Metaspace       used 16010K, capacity 16270K, committed 16512K, reserved 1062912K
  class space    used 1967K, capacity 2073K, committed 2176K, reserved 1048576K
Event: 56.330 GC heap after
Heap after GC invocations=18 (full 2):
 PSYoungGen      total 55296K, used 8926K [0x0000000795580000, 0x000000079ad00000, 0x00000007c0000000)
  eden space 24064K, 0% used [0x0000000795580000,0x0000000795580000,0x0000000796d00000)
  from space 31232K, 28% used [0x0000000798e80000,0x0000000799737a70,0x000000079ad00000)
  to   space 32768K, 0% used [0x0000000796d00000,0x0000000796d00000,0x0000000798d00000)
 ParOldGen       total 131072K, used 73742K [0x0000000740000000, 0x0000000748000000, 0x0000000795580000)
  object space 131072K, 56% used [0x0000000740000000,0x0000000744803bf0,0x0000000748000000)
 Metaspace       used 16010K, capacity 16270K, committed 16512K, reserved 1062912K
  class space    used 1967K, capacity 2073K, committed 2176K, reserved 1048576K
}

